  Origem.cpp
D:\Rodrigo\UFJF\PesquisaOperacional\Passini\2021.1\Trabalho 2\trabalhopo\TSP4000\TSP4000\Origem.cpp(2,9): warning C4067: tokens inesperados após diretiva de pré-processador - esperado um newline
D:\Rodrigo\UFJF\PesquisaOperacional\Passini\2021.1\Trabalho 2\trabalhopo\TSP4000\TSP4000\Origem.cpp(29,23): warning C4018: '<': incompatibilidade de signed/unsigned
D:\Rodrigo\UFJF\PesquisaOperacional\Passini\2021.1\Trabalho 2\trabalhopo\TSP4000\TSP4000\Origem.cpp(32,22): warning C4018: '<': incompatibilidade de signed/unsigned
D:\Rodrigo\UFJF\PesquisaOperacional\Passini\2021.1\Trabalho 2\trabalhopo\TSP4000\TSP4000\Origem.cpp(51,22): warning C4018: '<': incompatibilidade de signed/unsigned
D:\Rodrigo\UFJF\PesquisaOperacional\Passini\2021.1\Trabalho 2\trabalhopo\TSP4000\TSP4000\Origem.cpp(266,22): warning C4018: '<': incompatibilidade de signed/unsigned
D:\Rodrigo\UFJF\PesquisaOperacional\Passini\2021.1\Trabalho 2\trabalhopo\TSP4000\TSP4000\Origem.cpp(268,23): warning C4018: '<': incompatibilidade de signed/unsigned
concert.lib(iloalg.obj) : warning LNK4099: PDB 'concert.pdb' não foi encontrado 'concert.lib(iloalg.obj)' ou no 'D:\Rodrigo\UFJF\PesquisaOperacional\Passini\2021.1\Trabalho 2\trabalhopo\TSP4000\x64\Debug\concert.pdb'; vinculando objeto quando quando sem nenhuma informação de depuração
concert.lib(iloallocator.obj) : warning LNK4099: PDB 'concert.pdb' não foi encontrado 'concert.lib(iloallocator.obj)' ou no 'D:\Rodrigo\UFJF\PesquisaOperacional\Passini\2021.1\Trabalho 2\trabalhopo\TSP4000\x64\Debug\concert.pdb'; vinculando objeto quando quando sem nenhuma informação de depuração
concert.lib(iloanyexpr.obj) : warning LNK4099: PDB 'concert.pdb' não foi encontrado 'concert.lib(iloanyexpr.obj)' ou no 'D:\Rodrigo\UFJF\PesquisaOperacional\Passini\2021.1\Trabalho 2\trabalhopo\TSP4000\x64\Debug\concert.pdb'; vinculando objeto quando quando sem nenhuma informação de depuração
concert.lib(iloconstraint.obj) : warning LNK4099: PDB 'concert.pdb' não foi encontrado 'concert.lib(iloconstraint.obj)' ou no 'D:\Rodrigo\UFJF\PesquisaOperacional\Passini\2021.1\Trabalho 2\trabalhopo\TSP4000\x64\Debug\concert.pdb'; vinculando objeto quando quando sem nenhuma informação de depuração
concert.lib(iloenv.obj) : warning LNK4099: PDB 'concert.pdb' não foi encontrado 'concert.lib(iloenv.obj)' ou no 'D:\Rodrigo\UFJF\PesquisaOperacional\Passini\2021.1\Trabalho 2\trabalhopo\TSP4000\x64\Debug\concert.pdb'; vinculando objeto quando quando sem nenhuma informação de depuração
concert.lib(iloexpression.obj) : warning LNK4099: PDB '' não foi encontrado 'concert.lib(iloexpression.obj)' ou no ''; vinculando objeto quando quando sem nenhuma informação de depuração
concert.lib(iloextractable.obj) : warning LNK4099: PDB '' não foi encontrado 'concert.lib(iloextractable.obj)' ou no ''; vinculando objeto quando quando sem nenhuma informação de depuração
concert.lib(ilohash.obj) : warning LNK4099: PDB 'concert.pdb' não foi encontrado 'concert.lib(ilohash.obj)' ou no 'D:\Rodrigo\UFJF\PesquisaOperacional\Passini\2021.1\Trabalho 2\trabalhopo\TSP4000\x64\Debug\concert.pdb'; vinculando objeto quando quando sem nenhuma informação de depuração
concert.lib(iloiterator.obj) : warning LNK4099: PDB 'concert.pdb' não foi encontrado 'concert.lib(iloiterator.obj)' ou no 'D:\Rodrigo\UFJF\PesquisaOperacional\Passini\2021.1\Trabalho 2\trabalhopo\TSP4000\x64\Debug\concert.pdb'; vinculando objeto quando quando sem nenhuma informação de depuração
concert.lib(ilomap.obj) : warning LNK4099: PDB 'concert.pdb' não foi encontrado 'concert.lib(ilomap.obj)' ou no 'D:\Rodrigo\UFJF\PesquisaOperacional\Passini\2021.1\Trabalho 2\trabalhopo\TSP4000\x64\Debug\concert.pdb'; vinculando objeto quando quando sem nenhuma informação de depuração
concert.lib(ilorandom.obj) : warning LNK4099: PDB 'concert.pdb' não foi encontrado 'concert.lib(ilorandom.obj)' ou no 'D:\Rodrigo\UFJF\PesquisaOperacional\Passini\2021.1\Trabalho 2\trabalhopo\TSP4000\x64\Debug\concert.pdb'; vinculando objeto quando quando sem nenhuma informação de depuração
concert.lib(ilosatomi.obj) : warning LNK4099: PDB 'concert.pdb' não foi encontrado 'concert.lib(ilosatomi.obj)' ou no 'D:\Rodrigo\UFJF\PesquisaOperacional\Passini\2021.1\Trabalho 2\trabalhopo\TSP4000\x64\Debug\concert.pdb'; vinculando objeto quando quando sem nenhuma informação de depuração
concert.lib(ilosbasic.obj) : warning LNK4099: PDB '' não foi encontrado 'concert.lib(ilosbasic.obj)' ou no ''; vinculando objeto quando quando sem nenhuma informação de depuração
concert.lib(ilosdisplayi.obj) : warning LNK4099: PDB 'concert.pdb' não foi encontrado 'concert.lib(ilosdisplayi.obj)' ou no 'D:\Rodrigo\UFJF\PesquisaOperacional\Passini\2021.1\Trabalho 2\trabalhopo\TSP4000\x64\Debug\concert.pdb'; vinculando objeto quando quando sem nenhuma informação de depuração
concert.lib(iloserror.obj) : warning LNK4099: PDB 'concert.pdb' não foi encontrado 'concert.lib(iloserror.obj)' ou no 'D:\Rodrigo\UFJF\PesquisaOperacional\Passini\2021.1\Trabalho 2\trabalhopo\TSP4000\x64\Debug\concert.pdb'; vinculando objeto quando quando sem nenhuma informação de depuração
concert.lib(iloset.obj) : warning LNK4099: PDB 'concert.pdb' não foi encontrado 'concert.lib(iloset.obj)' ou no 'D:\Rodrigo\UFJF\PesquisaOperacional\Passini\2021.1\Trabalho 2\trabalhopo\TSP4000\x64\Debug\concert.pdb'; vinculando objeto quando quando sem nenhuma informação de depuração
concert.lib(ilosmodel.obj) : warning LNK4099: PDB 'concert.pdb' não foi encontrado 'concert.lib(ilosmodel.obj)' ou no 'D:\Rodrigo\UFJF\PesquisaOperacional\Passini\2021.1\Trabalho 2\trabalhopo\TSP4000\x64\Debug\concert.pdb'; vinculando objeto quando quando sem nenhuma informação de depuração
concert.lib(ilosolution.obj) : warning LNK4099: PDB 'concert.pdb' não foi encontrado 'concert.lib(ilosolution.obj)' ou no 'D:\Rodrigo\UFJF\PesquisaOperacional\Passini\2021.1\Trabalho 2\trabalhopo\TSP4000\x64\Debug\concert.pdb'; vinculando objeto quando quando sem nenhuma informação de depuração
concert.lib(ilossequencei.obj) : warning LNK4099: PDB 'concert.pdb' não foi encontrado 'concert.lib(ilossequencei.obj)' ou no 'D:\Rodrigo\UFJF\PesquisaOperacional\Passini\2021.1\Trabalho 2\trabalhopo\TSP4000\x64\Debug\concert.pdb'; vinculando objeto quando quando sem nenhuma informação de depuração
concert.lib(ilossol.obj) : warning LNK4099: PDB 'concert.pdb' não foi encontrado 'concert.lib(ilossol.obj)' ou no 'D:\Rodrigo\UFJF\PesquisaOperacional\Passini\2021.1\Trabalho 2\trabalhopo\TSP4000\x64\Debug\concert.pdb'; vinculando objeto quando quando sem nenhuma informação de depuração
concert.lib(ilosstructi.obj) : warning LNK4099: PDB 'concert.pdb' não foi encontrado 'concert.lib(ilosstructi.obj)' ou no 'D:\Rodrigo\UFJF\PesquisaOperacional\Passini\2021.1\Trabalho 2\trabalhopo\TSP4000\x64\Debug\concert.pdb'; vinculando objeto quando quando sem nenhuma informação de depuração
concert.lib(ilostimei.obj) : warning LNK4099: PDB 'concert.pdb' não foi encontrado 'concert.lib(ilostimei.obj)' ou no 'D:\Rodrigo\UFJF\PesquisaOperacional\Passini\2021.1\Trabalho 2\trabalhopo\TSP4000\x64\Debug\concert.pdb'; vinculando objeto quando quando sem nenhuma informação de depuração
concert.lib(ilothread.obj) : warning LNK4099: PDB 'concert.pdb' não foi encontrado 'concert.lib(ilothread.obj)' ou no 'D:\Rodrigo\UFJF\PesquisaOperacional\Passini\2021.1\Trabalho 2\trabalhopo\TSP4000\x64\Debug\concert.pdb'; vinculando objeto quando quando sem nenhuma informação de depuração
concert.lib(ilotypes.obj) : warning LNK4099: PDB 'concert.pdb' não foi encontrado 'concert.lib(ilotypes.obj)' ou no 'D:\Rodrigo\UFJF\PesquisaOperacional\Passini\2021.1\Trabalho 2\trabalhopo\TSP4000\x64\Debug\concert.pdb'; vinculando objeto quando quando sem nenhuma informação de depuração
concert.lib(ilocollection.obj) : warning LNK4099: PDB 'concert.pdb' não foi encontrado 'concert.lib(ilocollection.obj)' ou no 'D:\Rodrigo\UFJF\PesquisaOperacional\Passini\2021.1\Trabalho 2\trabalhopo\TSP4000\x64\Debug\concert.pdb'; vinculando objeto quando quando sem nenhuma informação de depuração
concert.lib(ilocollectioniterator.obj) : warning LNK4099: PDB 'concert.pdb' não foi encontrado 'concert.lib(ilocollectioniterator.obj)' ou no 'D:\Rodrigo\UFJF\PesquisaOperacional\Passini\2021.1\Trabalho 2\trabalhopo\TSP4000\x64\Debug\concert.pdb'; vinculando objeto quando quando sem nenhuma informação de depuração
concert.lib(ilocollectionoperator.obj) : warning LNK4099: PDB 'concert.pdb' não foi encontrado 'concert.lib(ilocollectionoperator.obj)' ou no 'D:\Rodrigo\UFJF\PesquisaOperacional\Passini\2021.1\Trabalho 2\trabalhopo\TSP4000\x64\Debug\concert.pdb'; vinculando objeto quando quando sem nenhuma informação de depuração
concert.lib(ilocollectionstruct.obj) : warning LNK4099: PDB 'concert.pdb' não foi encontrado 'concert.lib(ilocollectionstruct.obj)' ou no 'D:\Rodrigo\UFJF\PesquisaOperacional\Passini\2021.1\Trabalho 2\trabalhopo\TSP4000\x64\Debug\concert.pdb'; vinculando objeto quando quando sem nenhuma informação de depuração
concert.lib(ilosimplecollection.obj) : warning LNK4099: PDB 'concert.pdb' não foi encontrado 'concert.lib(ilosimplecollection.obj)' ou no 'D:\Rodrigo\UFJF\PesquisaOperacional\Passini\2021.1\Trabalho 2\trabalhopo\TSP4000\x64\Debug\concert.pdb'; vinculando objeto quando quando sem nenhuma informação de depuração
concert.lib(ilointervalsi.obj) : warning LNK4099: PDB 'concert.pdb' não foi encontrado 'concert.lib(ilointervalsi.obj)' ou no 'D:\Rodrigo\UFJF\PesquisaOperacional\Passini\2021.1\Trabalho 2\trabalhopo\TSP4000\x64\Debug\concert.pdb'; vinculando objeto quando quando sem nenhuma informação de depuração
concert.lib(ilonumfunci.obj) : warning LNK4099: PDB 'concert.pdb' não foi encontrado 'concert.lib(ilonumfunci.obj)' ou no 'D:\Rodrigo\UFJF\PesquisaOperacional\Passini\2021.1\Trabalho 2\trabalhopo\TSP4000\x64\Debug\concert.pdb'; vinculando objeto quando quando sem nenhuma informação de depuração
concert.lib(iloparami.obj) : warning LNK4099: PDB 'concert.pdb' não foi encontrado 'concert.lib(iloparami.obj)' ou no 'D:\Rodrigo\UFJF\PesquisaOperacional\Passini\2021.1\Trabalho 2\trabalhopo\TSP4000\x64\Debug\concert.pdb'; vinculando objeto quando quando sem nenhuma informação de depuração
concert.lib(iloskiplist.obj) : warning LNK4099: PDB 'concert.pdb' não foi encontrado 'concert.lib(iloskiplist.obj)' ou no 'D:\Rodrigo\UFJF\PesquisaOperacional\Passini\2021.1\Trabalho 2\trabalhopo\TSP4000\x64\Debug\concert.pdb'; vinculando objeto quando quando sem nenhuma informação de depuração
concert.lib(evalexpand.obj) : warning LNK4099: PDB 'concert.pdb' não foi encontrado 'concert.lib(evalexpand.obj)' ou no 'D:\Rodrigo\UFJF\PesquisaOperacional\Passini\2021.1\Trabalho 2\trabalhopo\TSP4000\x64\Debug\concert.pdb'; vinculando objeto quando quando sem nenhuma informação de depuração
concert.lib(evalkernel.obj) : warning LNK4099: PDB 'concert.pdb' não foi encontrado 'concert.lib(evalkernel.obj)' ou no 'D:\Rodrigo\UFJF\PesquisaOperacional\Passini\2021.1\Trabalho 2\trabalhopo\TSP4000\x64\Debug\concert.pdb'; vinculando objeto quando quando sem nenhuma informação de depuração
concert.lib(evaluator.obj) : warning LNK4099: PDB 'concert.pdb' não foi encontrado 'concert.lib(evaluator.obj)' ou no 'D:\Rodrigo\UFJF\PesquisaOperacional\Passini\2021.1\Trabalho 2\trabalhopo\TSP4000\x64\Debug\concert.pdb'; vinculando objeto quando quando sem nenhuma informação de depuração
concert.lib(strtod.obj) : warning LNK4099: PDB 'concert.pdb' não foi encontrado 'concert.lib(strtod.obj)' ou no 'D:\Rodrigo\UFJF\PesquisaOperacional\Passini\2021.1\Trabalho 2\trabalhopo\TSP4000\x64\Debug\concert.pdb'; vinculando objeto quando quando sem nenhuma informação de depuração
  TSP4000.vcxproj -> D:\Rodrigo\UFJF\PesquisaOperacional\Passini\2021.1\Trabalho 2\trabalhopo\TSP4000\x64\Debug\TSP4000.exe
